

Microchip Technology PIC LITE Macro Assembler V1.45 build -152302408 
                                                                                               Sun Jun 27 06:36:48 2021

Microchip Technology Omniscient Code Generator v1.45 (Free mode) build 201711160504
     1                           	processor	16F887
     2                           	opt	pw 120
     3                           	opt	lm
     4                           	psect	cinit,global,class=CODE,merge=1,delta=2
     5                           	psect	cstackCOMMON,global,class=COMMON,space=1,delta=1
     6                           	psect	maintext,global,class=CODE,split=1,delta=2
     7                           	dabs	1,0x7E,2
     8  0000                     
     9                           ; Version 1.45
    10                           ; Generated 16/11/2017 GMT
    11                           ; 
    12                           ; Copyright © 2017, Microchip Technology Inc. and its subsidiaries ("Microchip")
    13                           ; All rights reserved.
    14                           ; 
    15                           ; This software is developed by Microchip Technology Inc. and its subsidiaries ("Microch
      +                          ip").
    16                           ; 
    17                           ; Redistribution and use in source and binary forms, with or without modification, are
    18                           ; permitted provided that the following conditions are met:
    19                           ; 
    20                           ;     1. Redistributions of source code must retain the above copyright notice, this lis
      +                          t of
    21                           ;        conditions and the following disclaimer.
    22                           ; 
    23                           ;     2. Redistributions in binary form must reproduce the above copyright notice, this 
      +                          list
    24                           ;        of conditions and the following disclaimer in the documentation and/or other
    25                           ;        materials provided with the distribution.
    26                           ; 
    27                           ;     3. Microchip's name may not be used to endorse or promote products derived from th
      +                          is
    28                           ;        software without specific prior written permission.
    29                           ; 
    30                           ; THIS SOFTWARE IS PROVIDED BY MICROCHIP "AS IS" AND ANY EXPRESS OR IMPLIED WARRANTIES,
    31                           ; INCLUDING, BUT NOT LIMITED TO, THE IMPLIED WARRANTIES OF MERCHANTABILITY AND FITNESS F
      +                          OR
    32                           ; PURPOSE ARE DISCLAIMED.  IN NO EVENT SHALL MICROCHIP BE LIABLE FOR ANY DIRECT, INDIREC
      +                          T,
    33                           ; INCIDENTAL, SPECIAL, EXEMPLARY, OR CONSEQUENTIAL DAMAGES (INCLUDING BUT NOT LIMITED TO
    34                           ; PROCUREMENT OF SUBSTITUTE GOODS OR SERVICES; LOSS OF USE, DATA OR PROFITS; OR BUSINESS
    35                           ; INTERRUPTION) HOWSOEVER CAUSED AND ON ANY THEORY OF LIABILITY, WHETHER IN CONTRACT, ST
      +                          RICT
    36                           ; LIABILITY, OR TORT (INCLUDING NEGLIGENCE OR OTHERWISE) ARISING IN ANY WAY OUT OF THE U
      +                          SE OF
    37                           ; THIS SOFTWARE, EVEN IF ADVISED OF THE POSSIBILITY OF SUCH DAMAGE.
    38                           ; 
    39                           ; 
    40                           ; Code-generator required, PIC16F887 Definitions
    41                           ; 
    42                           ; SFR Addresses
    43  0000                     	;# 
    44  0001                     	;# 
    45  0002                     	;# 
    46  0003                     	;# 
    47  0004                     	;# 
    48  0005                     	;# 
    49  0006                     	;# 
    50  0007                     	;# 
    51  0008                     	;# 
    52  0009                     	;# 
    53  000A                     	;# 
    54  000B                     	;# 
    55  000C                     	;# 
    56  000D                     	;# 
    57  000E                     	;# 
    58  000E                     	;# 
    59  000F                     	;# 
    60  0010                     	;# 
    61  0011                     	;# 
    62  0012                     	;# 
    63  0013                     	;# 
    64  0014                     	;# 
    65  0015                     	;# 
    66  0015                     	;# 
    67  0016                     	;# 
    68  0017                     	;# 
    69  0018                     	;# 
    70  0019                     	;# 
    71  001A                     	;# 
    72  001B                     	;# 
    73  001B                     	;# 
    74  001C                     	;# 
    75  001D                     	;# 
    76  001E                     	;# 
    77  001F                     	;# 
    78  0081                     	;# 
    79  0085                     	;# 
    80  0086                     	;# 
    81  0087                     	;# 
    82  0088                     	;# 
    83  0089                     	;# 
    84  008C                     	;# 
    85  008D                     	;# 
    86  008E                     	;# 
    87  008F                     	;# 
    88  0090                     	;# 
    89  0091                     	;# 
    90  0092                     	;# 
    91  0093                     	;# 
    92  0093                     	;# 
    93  0093                     	;# 
    94  0094                     	;# 
    95  0095                     	;# 
    96  0096                     	;# 
    97  0097                     	;# 
    98  0098                     	;# 
    99  0099                     	;# 
   100  009A                     	;# 
   101  009B                     	;# 
   102  009C                     	;# 
   103  009D                     	;# 
   104  009E                     	;# 
   105  009F                     	;# 
   106  0105                     	;# 
   107  0107                     	;# 
   108  0108                     	;# 
   109  0109                     	;# 
   110  010C                     	;# 
   111  010C                     	;# 
   112  010D                     	;# 
   113  010E                     	;# 
   114  010F                     	;# 
   115  0185                     	;# 
   116  0187                     	;# 
   117  0188                     	;# 
   118  0189                     	;# 
   119  018C                     	;# 
   120  018D                     	;# 
   121  001F                     _ADCON0	set	31
   122  0008                     _PORTD	set	8
   123  00F9                     _GO	set	249
   124  009E                     _ADRESL	set	158
   125  009F                     _ADCON1	set	159
   126  0088                     _TRISD	set	136
   127  0449                     _TRISE1	set	1097
   128  0189                     _ANSELH	set	393
   129  0188                     _ANSEL	set	392
   130                           
   131                           ; #config settings
   132  0000                     
   133                           	psect	cinit
   134  07FC                     start_initialization:	
   135  07FC                     __initialization:	
   136  07FC                     end_of_initialization:	
   137                           ;End of C runtime variable initialization code
   138                           
   139  07FC                     __end_of__initialization:	
   140  07FC  0183               	clrf	3
   141  07FD  120A  118A  2FD9   	ljmp	_main	;jump to C main() function
   142                           
   143                           	psect	cstackCOMMON
   144  0000                     __pcstackCOMMON:	
   145  0000                     ?_main:	
   146  0000                     ??_main:	
   147                           ; 1 bytes @ 0x0
   148                           
   149                           
   150                           	psect	maintext
   151  07D9                     __pmaintext:	
   152                           ; 1 bytes @ 0x0
   153 ;;
   154 ;;Main: autosize = 0, tempsize = 0, incstack = 0, save=0
   155 ;;
   156 ;; *************** function _main *****************
   157 ;; Defined at:
   158 ;;		line 27 in file "Bai_5.c"
   159 ;; Parameters:    Size  Location     Type
   160 ;;		None
   161 ;; Auto vars:     Size  Location     Type
   162 ;;		None
   163 ;; Return value:  Size  Location     Type
   164 ;;                  1    wreg      void 
   165 ;; Registers used:
   166 ;;		wreg, status,2
   167 ;; Tracked objects:
   168 ;;		On entry : B00/0
   169 ;;		On exit  : 0/0
   170 ;;		Unchanged: 0/0
   171 ;; Data sizes:     COMMON   BANK0   BANK1   BANK3   BANK2
   172 ;;      Params:         0       0       0       0       0
   173 ;;      Locals:         0       0       0       0       0
   174 ;;      Temps:          0       0       0       0       0
   175 ;;      Totals:         0       0       0       0       0
   176 ;;Total ram usage:        0 bytes
   177 ;; This function calls:
   178 ;;		Nothing
   179 ;; This function is called by:
   180 ;;		Startup code after reset
   181 ;; This function uses a non-reentrant model
   182 ;;
   183                           
   184                           
   185                           ;psect for function _main
   186  07D9                     _main:	
   187                           
   188                           ;Bai_5.c: 29: ANSEL = 0x40;
   189                           
   190                           ;incstack = 0
   191                           ; Regs used in _main: [wreg+status,2]
   192  07D9  3040               	movlw	64
   193  07DA  1683               	bsf	3,5	;RP0=1, select bank3
   194  07DB  1703               	bsf	3,6	;RP1=1, select bank3
   195  07DC  0088               	movwf	8	;volatile
   196                           
   197                           ;Bai_5.c: 30: ANSELH = 0;
   198  07DD  0189               	clrf	9	;volatile
   199                           
   200                           ;Bai_5.c: 31: TRISE1 = 1;
   201  07DE  1683               	bsf	3,5	;RP0=1, select bank1
   202  07DF  1303               	bcf	3,6	;RP1=0, select bank1
   203  07E0  1489               	bsf	9,1	;volatile
   204                           
   205                           ;Bai_5.c: 32: TRISD = 0;
   206  07E1  0188               	clrf	8	;volatile
   207                           
   208                           ;Bai_5.c: 33: PORTD = 0;
   209  07E2  1283               	bcf	3,5	;RP0=0, select bank0
   210  07E3  1303               	bcf	3,6	;RP1=0, select bank0
   211  07E4  0188               	clrf	8	;volatile
   212                           
   213                           ;Bai_5.c: 34: ADCON1 = 0b10000000;
   214  07E5  3080               	movlw	128
   215  07E6  1683               	bsf	3,5	;RP0=1, select bank1
   216  07E7  1303               	bcf	3,6	;RP1=0, select bank1
   217  07E8  009F               	movwf	31	;volatile
   218                           
   219                           ;Bai_5.c: 35: ADCON0 = 0b10011001;
   220  07E9  3099               	movlw	153
   221  07EA  1283               	bcf	3,5	;RP0=0, select bank0
   222  07EB  1303               	bcf	3,6	;RP1=0, select bank0
   223  07EC  009F               	movwf	31	;volatile
   224  07ED                     l505:	
   225                           ;Bai_5.c: 36: while(1)
   226                           
   227                           
   228                           ;Bai_5.c: 37: {
   229                           ;Bai_5.c: 38: _delay((unsigned long)((6)*(4000000/4000000.0)));
   230  07ED  2FEE               	nop2	;2 cycle nop
   231  07EE  2FEF               	nop2	;2 cycle nop
   232  07EF  2FF0               	nop2	;2 cycle nop
   233                           
   234                           ;Bai_5.c: 39: GO = 1;
   235  07F0  1283               	bcf	3,5	;RP0=0, select bank0
   236  07F1  1303               	bcf	3,6	;RP1=0, select bank0
   237  07F2  149F               	bsf	31,1	;volatile
   238  07F3                     l26:	
   239                           ;Bai_5.c: 40: while(GO);
   240                           
   241  07F3  189F               	btfsc	31,1	;volatile
   242  07F4  2FF3               	goto	l26
   243                           
   244                           ;Bai_5.c: 41: PORTD = ADRESL;
   245  07F5  1683               	bsf	3,5	;RP0=1, select bank1
   246  07F6  1303               	bcf	3,6	;RP1=0, select bank1
   247  07F7  081E               	movf	30,w	;volatile
   248  07F8  1283               	bcf	3,5	;RP0=0, select bank0
   249  07F9  1303               	bcf	3,6	;RP1=0, select bank0
   250  07FA  0088               	movwf	8	;volatile
   251  07FB  2FED               	goto	l505
   252  07FC                     __end_of_main:	
   253  007E                     btemp	set	126	;btemp
   254  007E                     wtemp0	set	126


Data Sizes:
    Strings     0
    Constant    0
    Data        0
    BSS         0
    Persistent  0
    Stack       0

Auto Spaces:
    Space          Size  Autos    Used
    COMMON           14      0       0
    BANK0            80      0       0
    BANK1            80      0       0
    BANK3            96      0       0
    BANK2            96      0       0

Pointer List with Targets:

    None.

Critical Paths under _main in COMMON

    None.

Critical Paths under _main in BANK0

    None.

Critical Paths under _main in BANK1

    None.

Critical Paths under _main in BANK3

    None.

Critical Paths under _main in BANK2

    None.

Call Graph Tables:

 ---------------------------------------------------------------------------------
 (Depth) Function   	        Calls       Base Space   Used Autos Params    Refs
 ---------------------------------------------------------------------------------
 (0) _main                                                 0     0      0       0
 ---------------------------------------------------------------------------------
 Estimated maximum stack depth 0
 ---------------------------------------------------------------------------------

 Call Graph Graphs:

 _main (ROOT)

 Address spaces:
Name               Size   Autos  Total    Cost      Usage
BITCOMMON            E      0       0       0        0.0%
EEDATA             100      0       0       0        0.0%
NULL                 0      0       0       0        0.0%
CODE                 0      0       0       0        0.0%
COMMON               E      0       0       1        0.0%
BITSFR0              0      0       0       1        0.0%
SFR0                 0      0       0       1        0.0%
BITSFR1              0      0       0       2        0.0%
SFR1                 0      0       0       2        0.0%
STACK                0      0       0       2        0.0%
ABS                  0      0       0       3        0.0%
BITBANK0            50      0       0       4        0.0%
BITSFR3              0      0       0       4        0.0%
SFR3                 0      0       0       4        0.0%
BANK0               50      0       0       5        0.0%
BITSFR2              0      0       0       5        0.0%
SFR2                 0      0       0       5        0.0%
BITBANK1            50      0       0       6        0.0%
BANK1               50      0       0       7        0.0%
BITBANK3            60      0       0       8        0.0%
BANK3               60      0       0       9        0.0%
BITBANK2            60      0       0      10        0.0%
BANK2               60      0       0      11        0.0%
DATA                 0      0       0      12        0.0%


Microchip Technology PIC Macro Assembler V1.45 build -152302408 
Symbol Table                                                                                   Sun Jun 27 06:36:48 2021

            __CFG_CP$OFF 0000                       l26 07F3                       _GO 00F9  
                    l505 07ED             __CFG_CPD$OFF 0000             __CFG_FOSC$HS 0000  
           __CFG_LVP$OFF 0000             __CFG_WRT$OFF 0000                     _main 07D9  
                   btemp 007E                     start 0000            __CFG_IESO$OFF 0000  
          __CFG_MCLRE$ON 0000                    ?_main 0000            __CFG_WDTE$OFF 0000  
                  _ANSEL 0188                    _PORTD 0008                    _TRISD 0088  
         __CFG_FCMEN$OFF 0000           __CFG_BOREN$OFF 0000                    status 0003  
                  wtemp0 007E          __initialization 07FC             __end_of_main 07FC  
                 ??_main 0000                   _ADCON0 001F                   _ADCON1 009F  
                 _ADRESL 009E                   _ANSELH 0189                   _TRISE1 0449  
         __CFG_PWRTE$OFF 0000  __end_of__initialization 07FC           __pcstackCOMMON 0000  
             __pmaintext 07D9     end_of_initialization 07FC      start_initialization 07FC  
              ___latbits 0002        __CFG_BOR4V$BOR40V 0000            __size_of_main 0023  
